60119081cf5c
*** Found local files:
***   * /opt/airflow/logs/dag_id=beije_dbt_elt_pipeline/run_id=scheduled__2025-10-25T04:00:00+00:00/task_id=etl_stage_ingestion/attempt=3.log
[2025-10-27T00:17:56.820+0000] {taskinstance.py:1956} INFO - Dependencies all met for dep_context=non-requeueable deps ti=<TaskInstance: beije_dbt_elt_pipeline.etl_stage_ingestion scheduled__2025-10-25T04:00:00+00:00 [queued]>
[2025-10-27T00:17:56.826+0000] {taskinstance.py:1956} INFO - Dependencies all met for dep_context=requeueable deps ti=<TaskInstance: beije_dbt_elt_pipeline.etl_stage_ingestion scheduled__2025-10-25T04:00:00+00:00 [queued]>
[2025-10-27T00:17:56.826+0000] {taskinstance.py:2170} INFO - Starting attempt 3 of 3
[2025-10-27T00:17:56.833+0000] {taskinstance.py:2191} INFO - Executing <Task(BashOperator): etl_stage_ingestion> on 2025-10-25 04:00:00+00:00
[2025-10-27T00:17:56.836+0000] {standard_task_runner.py:60} INFO - Started process 175 to run task
[2025-10-27T00:17:56.839+0000] {standard_task_runner.py:87} INFO - Running: ['***', 'tasks', 'run', 'beije_dbt_elt_pipeline', 'etl_stage_ingestion', 'scheduled__2025-10-25T04:00:00+00:00', '--job-id', '53', '--raw', '--subdir', 'DAGS_FOLDER/beije_dbt_elt_pipeline.py', '--cfg-path', '/tmp/tmppji93e08']
[2025-10-27T00:17:56.840+0000] {standard_task_runner.py:88} INFO - Job 53: Subtask etl_stage_ingestion
[2025-10-27T00:17:56.879+0000] {task_command.py:423} INFO - Running <TaskInstance: beije_dbt_elt_pipeline.etl_stage_ingestion scheduled__2025-10-25T04:00:00+00:00 [running]> on host 60119081cf5c
[2025-10-27T00:17:56.920+0000] {taskinstance.py:2480} INFO - Exporting env vars: AIRFLOW_CTX_DAG_OWNER='***' AIRFLOW_CTX_DAG_ID='beije_dbt_elt_pipeline' AIRFLOW_CTX_TASK_ID='etl_stage_ingestion' AIRFLOW_CTX_EXECUTION_DATE='2025-10-25T04:00:00+00:00' AIRFLOW_CTX_TRY_NUMBER='3' AIRFLOW_CTX_DAG_RUN_ID='scheduled__2025-10-25T04:00:00+00:00'
[2025-10-27T00:17:56.922+0000] {subprocess.py:63} INFO - Tmp dir root location: /tmp
[2025-10-27T00:17:56.923+0000] {subprocess.py:75} INFO - Running command: ['/usr/bin/bash', '-c', 'python /opt/***/ingest/staging_jobs/etl_stage.py']
[2025-10-27T00:17:56.935+0000] {subprocess.py:86} INFO - Output:
[2025-10-27T00:17:57.432+0000] {subprocess.py:93} INFO - 2025-10-27 00:17:57,432 - INFO - --- Running ETL in LOOP mode ---
[2025-10-27T00:17:57.435+0000] {subprocess.py:93} INFO - 2025-10-27 00:17:57,434 - INFO - Found 10 CSV files to process.
[2025-10-27T00:17:57.435+0000] {subprocess.py:93} INFO - 2025-10-27 00:17:57,434 - INFO - --- [START] Processing: addresses.csv (Target Table: addresses) ---
[2025-10-27T00:17:57.436+0000] {subprocess.py:93} INFO - 2025-10-27 00:17:57,434 - INFO - Functional ETL process for '/opt/***/ingest/staging_jobs/raw/addresses.csv' started.
[2025-10-27T00:17:57.436+0000] {subprocess.py:93} INFO - 2025-10-27 00:17:57,434 - INFO - Reading '/opt/***/ingest/staging_jobs/raw/addresses.csv'...
[2025-10-27T00:17:57.449+0000] {subprocess.py:93} INFO - 2025-10-27 00:17:57,447 - INFO - 2739 rows read. Converting to Parquet format...
[2025-10-27T00:17:57.460+0000] {subprocess.py:93} INFO - 2025-10-27 00:17:57,460 - INFO - Parquet conversion complete.
[2025-10-27T00:17:57.461+0000] {subprocess.py:93} INFO - 2025-10-27 00:17:57,461 - INFO - Load (GCS) step started: Uploading to 'gs://beije-476309-staging-bucket/addresses/ingest_date=2025-10-27/addresses.parquet'...
[2025-10-27T00:17:59.116+0000] {subprocess.py:93} INFO - 2025-10-27 00:17:59,115 - INFO - File successfully uploaded to GCS: gs://beije-476309-staging-bucket/addresses/ingest_date=2025-10-27/addresses.parquet
[2025-10-27T00:17:59.116+0000] {subprocess.py:93} INFO - 2025-10-27 00:17:59,116 - INFO - Load (BigQuery) step started: Loading to table 'beije-476309.stage.addresses'...
[2025-10-27T00:18:00.095+0000] {subprocess.py:93} INFO - 2025-10-27 00:18:00,094 - INFO - BigQuery load job '67cb991a-9789-4cef-afef-fc99c62cbcd7' started, awaiting completion...
[2025-10-27T00:18:02.989+0000] {subprocess.py:93} INFO - 2025-10-27 00:18:02,988 - INFO - Success: Data loaded to table beije-476309.stage.addresses.
[2025-10-27T00:18:02.991+0000] {subprocess.py:93} INFO - 2025-10-27 00:18:02,988 - INFO - ETL process for '/opt/***/ingest/staging_jobs/raw/addresses.csv' completed successfully.
[2025-10-27T00:18:02.994+0000] {subprocess.py:93} INFO - 2025-10-27 00:18:02,988 - INFO - --- [SUCCESS] Finished: addresses.csv ---
[2025-10-27T00:18:02.995+0000] {subprocess.py:93} INFO - 2025-10-27 00:18:02,988 - INFO - --------------------------------------------------
[2025-10-27T00:18:02.996+0000] {subprocess.py:93} INFO - 2025-10-27 00:18:02,988 - INFO - --- [START] Processing: orders.csv (Target Table: orders) ---
[2025-10-27T00:18:02.996+0000] {subprocess.py:93} INFO - 2025-10-27 00:18:02,988 - INFO - Functional ETL process for '/opt/***/ingest/staging_jobs/raw/orders.csv' started.
[2025-10-27T00:18:02.997+0000] {subprocess.py:93} INFO - 2025-10-27 00:18:02,988 - INFO - Reading '/opt/***/ingest/staging_jobs/raw/orders.csv'...
[2025-10-27T00:18:03.152+0000] {subprocess.py:93} INFO - 2025-10-27 00:18:03,151 - INFO - 2279 rows read. Converting to Parquet format...
[2025-10-27T00:18:03.203+0000] {subprocess.py:93} INFO - 2025-10-27 00:18:03,202 - INFO - Parquet conversion complete.
[2025-10-27T00:18:03.203+0000] {subprocess.py:93} INFO - 2025-10-27 00:18:03,203 - INFO - Load (GCS) step started: Uploading to 'gs://beije-476309-staging-bucket/orders/ingest_date=2025-10-27/orders.parquet'...
[2025-10-27T00:18:05.485+0000] {subprocess.py:93} INFO - 2025-10-27 00:18:05,484 - INFO - File successfully uploaded to GCS: gs://beije-476309-staging-bucket/orders/ingest_date=2025-10-27/orders.parquet
[2025-10-27T00:18:05.486+0000] {subprocess.py:93} INFO - 2025-10-27 00:18:05,484 - INFO - Load (BigQuery) step started: Loading to table 'beije-476309.stage.orders'...
[2025-10-27T00:18:06.340+0000] {subprocess.py:93} INFO - 2025-10-27 00:18:06,339 - INFO - BigQuery load job '3a2dd265-fa3c-4f05-9eba-ee4941cf9301' started, awaiting completion...
[2025-10-27T00:18:08.905+0000] {subprocess.py:93} INFO - 2025-10-27 00:18:08,904 - INFO - Success: Data loaded to table beije-476309.stage.orders.
[2025-10-27T00:18:08.907+0000] {subprocess.py:93} INFO - 2025-10-27 00:18:08,904 - INFO - ETL process for '/opt/***/ingest/staging_jobs/raw/orders.csv' completed successfully.
[2025-10-27T00:18:08.910+0000] {subprocess.py:93} INFO - 2025-10-27 00:18:08,904 - INFO - --- [SUCCESS] Finished: orders.csv ---
[2025-10-27T00:18:08.912+0000] {subprocess.py:93} INFO - 2025-10-27 00:18:08,904 - INFO - --------------------------------------------------
[2025-10-27T00:18:08.912+0000] {subprocess.py:93} INFO - 2025-10-27 00:18:08,904 - INFO - --- [START] Processing: shipments.csv (Target Table: shipments) ---
[2025-10-27T00:18:08.913+0000] {subprocess.py:93} INFO - 2025-10-27 00:18:08,904 - INFO - Functional ETL process for '/opt/***/ingest/staging_jobs/raw/shipments.csv' started.
[2025-10-27T00:18:08.913+0000] {subprocess.py:93} INFO - 2025-10-27 00:18:08,904 - INFO - Reading '/opt/***/ingest/staging_jobs/raw/shipments.csv'...
[2025-10-27T00:18:08.923+0000] {subprocess.py:93} INFO - 2025-10-27 00:18:08,923 - INFO - 2278 rows read. Converting to Parquet format...
[2025-10-27T00:18:08.933+0000] {subprocess.py:93} INFO - 2025-10-27 00:18:08,932 - INFO - Parquet conversion complete.
[2025-10-27T00:18:08.933+0000] {subprocess.py:93} INFO - 2025-10-27 00:18:08,933 - INFO - Load (GCS) step started: Uploading to 'gs://beije-476309-staging-bucket/shipments/ingest_date=2025-10-27/shipments.parquet'...
[2025-10-27T00:18:11.068+0000] {subprocess.py:93} INFO - 2025-10-27 00:18:11,067 - INFO - File successfully uploaded to GCS: gs://beije-476309-staging-bucket/shipments/ingest_date=2025-10-27/shipments.parquet
[2025-10-27T00:18:11.070+0000] {subprocess.py:93} INFO - 2025-10-27 00:18:11,068 - INFO - Load (BigQuery) step started: Loading to table 'beije-476309.stage.shipments'...
[2025-10-27T00:18:12.018+0000] {subprocess.py:93} INFO - 2025-10-27 00:18:12,018 - INFO - BigQuery load job '07f5be90-b722-4065-be7f-3883531ec53e' started, awaiting completion...
[2025-10-27T00:18:15.015+0000] {subprocess.py:93} INFO - 2025-10-27 00:18:15,014 - INFO - Success: Data loaded to table beije-476309.stage.shipments.
[2025-10-27T00:18:15.016+0000] {subprocess.py:93} INFO - 2025-10-27 00:18:15,014 - INFO - ETL process for '/opt/***/ingest/staging_jobs/raw/shipments.csv' completed successfully.
[2025-10-27T00:18:15.020+0000] {subprocess.py:93} INFO - 2025-10-27 00:18:15,014 - INFO - --- [SUCCESS] Finished: shipments.csv ---
[2025-10-27T00:18:15.020+0000] {subprocess.py:93} INFO - 2025-10-27 00:18:15,014 - INFO - --------------------------------------------------
[2025-10-27T00:18:15.021+0000] {subprocess.py:93} INFO - 2025-10-27 00:18:15,014 - INFO - --- [START] Processing: countries.csv (Target Table: countries) ---
[2025-10-27T00:18:15.021+0000] {subprocess.py:93} INFO - 2025-10-27 00:18:15,014 - INFO - Functional ETL process for '/opt/***/ingest/staging_jobs/raw/countries.csv' started.
[2025-10-27T00:18:15.021+0000] {subprocess.py:93} INFO - 2025-10-27 00:18:15,014 - INFO - Reading '/opt/***/ingest/staging_jobs/raw/countries.csv'...
[2025-10-27T00:18:15.023+0000] {subprocess.py:93} INFO - 2025-10-27 00:18:15,018 - INFO - 1 rows read. Converting to Parquet format...
[2025-10-27T00:18:15.025+0000] {subprocess.py:93} INFO - 2025-10-27 00:18:15,020 - INFO - Parquet conversion complete.
[2025-10-27T00:18:15.025+0000] {subprocess.py:93} INFO - 2025-10-27 00:18:15,020 - INFO - Load (GCS) step started: Uploading to 'gs://beije-476309-staging-bucket/countries/ingest_date=2025-10-27/countries.parquet'...
[2025-10-27T00:18:16.236+0000] {subprocess.py:93} INFO - 2025-10-27 00:18:16,235 - INFO - File successfully uploaded to GCS: gs://beije-476309-staging-bucket/countries/ingest_date=2025-10-27/countries.parquet
[2025-10-27T00:18:16.237+0000] {subprocess.py:93} INFO - 2025-10-27 00:18:16,236 - INFO - Load (BigQuery) step started: Loading to table 'beije-476309.stage.countries'...
[2025-10-27T00:18:17.171+0000] {subprocess.py:93} INFO - 2025-10-27 00:18:17,170 - INFO - BigQuery load job '84e1a15c-86e0-4553-800c-6b4240799a29' started, awaiting completion...
[2025-10-27T00:18:19.543+0000] {subprocess.py:93} INFO - 2025-10-27 00:18:19,542 - INFO - Success: Data loaded to table beije-476309.stage.countries.
[2025-10-27T00:18:19.544+0000] {subprocess.py:93} INFO - 2025-10-27 00:18:19,542 - INFO - ETL process for '/opt/***/ingest/staging_jobs/raw/countries.csv' completed successfully.
[2025-10-27T00:18:19.545+0000] {subprocess.py:93} INFO - 2025-10-27 00:18:19,542 - INFO - --- [SUCCESS] Finished: countries.csv ---
[2025-10-27T00:18:19.545+0000] {subprocess.py:93} INFO - 2025-10-27 00:18:19,542 - INFO - --------------------------------------------------
[2025-10-27T00:18:19.546+0000] {subprocess.py:93} INFO - 2025-10-27 00:18:19,542 - INFO - --- [START] Processing: neighborhoods.csv (Target Table: neighborhoods) ---
[2025-10-27T00:18:19.547+0000] {subprocess.py:93} INFO - 2025-10-27 00:18:19,542 - INFO - Functional ETL process for '/opt/***/ingest/staging_jobs/raw/neighborhoods.csv' started.
[2025-10-27T00:18:19.547+0000] {subprocess.py:93} INFO - 2025-10-27 00:18:19,542 - INFO - Reading '/opt/***/ingest/staging_jobs/raw/neighborhoods.csv'...
[2025-10-27T00:18:19.640+0000] {subprocess.py:93} INFO - 2025-10-27 00:18:19,639 - INFO - 73306 rows read. Converting to Parquet format...
[2025-10-27T00:18:19.670+0000] {subprocess.py:93} INFO - 2025-10-27 00:18:19,669 - INFO - Parquet conversion complete.
[2025-10-27T00:18:19.672+0000] {subprocess.py:93} INFO - 2025-10-27 00:18:19,672 - INFO - Load (GCS) step started: Uploading to 'gs://beije-476309-staging-bucket/neighborhoods/ingest_date=2025-10-27/neighborhoods.parquet'...
[2025-10-27T00:18:21.937+0000] {subprocess.py:93} INFO - 2025-10-27 00:18:21,937 - INFO - File successfully uploaded to GCS: gs://beije-476309-staging-bucket/neighborhoods/ingest_date=2025-10-27/neighborhoods.parquet
[2025-10-27T00:18:21.938+0000] {subprocess.py:93} INFO - 2025-10-27 00:18:21,937 - INFO - Load (BigQuery) step started: Loading to table 'beije-476309.stage.neighborhoods'...
[2025-10-27T00:18:22.832+0000] {subprocess.py:93} INFO - 2025-10-27 00:18:22,832 - INFO - BigQuery load job 'a34163ae-565b-4fb4-8909-4021992e9286' started, awaiting completion...
[2025-10-27T00:18:26.496+0000] {subprocess.py:93} INFO - 2025-10-27 00:18:26,494 - INFO - Success: Data loaded to table beije-476309.stage.neighborhoods.
[2025-10-27T00:18:26.498+0000] {subprocess.py:93} INFO - 2025-10-27 00:18:26,494 - INFO - ETL process for '/opt/***/ingest/staging_jobs/raw/neighborhoods.csv' completed successfully.
[2025-10-27T00:18:26.499+0000] {subprocess.py:93} INFO - 2025-10-27 00:18:26,494 - INFO - --- [SUCCESS] Finished: neighborhoods.csv ---
[2025-10-27T00:18:26.500+0000] {subprocess.py:93} INFO - 2025-10-27 00:18:26,494 - INFO - --------------------------------------------------
[2025-10-27T00:18:26.501+0000] {subprocess.py:93} INFO - 2025-10-27 00:18:26,495 - INFO - --- [START] Processing: users.csv (Target Table: users) ---
[2025-10-27T00:18:26.503+0000] {subprocess.py:93} INFO - 2025-10-27 00:18:26,495 - INFO - Functional ETL process for '/opt/***/ingest/staging_jobs/raw/users.csv' started.
[2025-10-27T00:18:26.504+0000] {subprocess.py:93} INFO - 2025-10-27 00:18:26,495 - INFO - Reading '/opt/***/ingest/staging_jobs/raw/users.csv'...
[2025-10-27T00:18:26.511+0000] {subprocess.py:93} INFO - 2025-10-27 00:18:26,510 - INFO - 4500 rows read. Converting to Parquet format...
[2025-10-27T00:18:26.517+0000] {subprocess.py:93} INFO - 2025-10-27 00:18:26,517 - INFO - Parquet conversion complete.
[2025-10-27T00:18:26.518+0000] {subprocess.py:93} INFO - 2025-10-27 00:18:26,517 - INFO - Load (GCS) step started: Uploading to 'gs://beije-476309-staging-bucket/users/ingest_date=2025-10-27/users.parquet'...
[2025-10-27T00:18:28.109+0000] {subprocess.py:93} INFO - 2025-10-27 00:18:28,108 - INFO - File successfully uploaded to GCS: gs://beije-476309-staging-bucket/users/ingest_date=2025-10-27/users.parquet
[2025-10-27T00:18:28.110+0000] {subprocess.py:93} INFO - 2025-10-27 00:18:28,109 - INFO - Load (BigQuery) step started: Loading to table 'beije-476309.stage.users'...
[2025-10-27T00:18:29.028+0000] {subprocess.py:93} INFO - 2025-10-27 00:18:29,028 - INFO - BigQuery load job '083f723d-e2f8-49b2-9d54-ce97ea4b54b6' started, awaiting completion...
[2025-10-27T00:18:32.764+0000] {subprocess.py:93} INFO - 2025-10-27 00:18:32,764 - INFO - Success: Data loaded to table beije-476309.stage.users.
[2025-10-27T00:18:32.766+0000] {subprocess.py:93} INFO - 2025-10-27 00:18:32,764 - INFO - ETL process for '/opt/***/ingest/staging_jobs/raw/users.csv' completed successfully.
[2025-10-27T00:18:32.767+0000] {subprocess.py:93} INFO - 2025-10-27 00:18:32,764 - INFO - --- [SUCCESS] Finished: users.csv ---
[2025-10-27T00:18:32.770+0000] {subprocess.py:93} INFO - 2025-10-27 00:18:32,764 - INFO - --------------------------------------------------
[2025-10-27T00:18:32.772+0000] {subprocess.py:93} INFO - 2025-10-27 00:18:32,764 - INFO - --- [START] Processing: cities.csv (Target Table: cities) ---
[2025-10-27T00:18:32.773+0000] {subprocess.py:93} INFO - 2025-10-27 00:18:32,764 - INFO - Functional ETL process for '/opt/***/ingest/staging_jobs/raw/cities.csv' started.
[2025-10-27T00:18:32.773+0000] {subprocess.py:93} INFO - 2025-10-27 00:18:32,765 - INFO - Reading '/opt/***/ingest/staging_jobs/raw/cities.csv'...
[2025-10-27T00:18:32.773+0000] {subprocess.py:93} INFO - 2025-10-27 00:18:32,773 - INFO - 973 rows read. Converting to Parquet format...
[2025-10-27T00:18:32.778+0000] {subprocess.py:93} INFO - 2025-10-27 00:18:32,778 - INFO - Parquet conversion complete.
[2025-10-27T00:18:32.779+0000] {subprocess.py:93} INFO - 2025-10-27 00:18:32,779 - INFO - Load (GCS) step started: Uploading to 'gs://beije-476309-staging-bucket/cities/ingest_date=2025-10-27/cities.parquet'...
[2025-10-27T00:18:34.087+0000] {subprocess.py:93} INFO - 2025-10-27 00:18:34,086 - INFO - File successfully uploaded to GCS: gs://beije-476309-staging-bucket/cities/ingest_date=2025-10-27/cities.parquet
[2025-10-27T00:18:34.087+0000] {subprocess.py:93} INFO - 2025-10-27 00:18:34,086 - INFO - Load (BigQuery) step started: Loading to table 'beije-476309.stage.cities'...
[2025-10-27T00:18:34.965+0000] {subprocess.py:93} INFO - 2025-10-27 00:18:34,965 - INFO - BigQuery load job 'dbceed6c-262d-41b0-94df-b7405a4cab08' started, awaiting completion...
[2025-10-27T00:18:37.945+0000] {subprocess.py:93} INFO - 2025-10-27 00:18:37,944 - INFO - Success: Data loaded to table beije-476309.stage.cities.
[2025-10-27T00:18:37.946+0000] {subprocess.py:93} INFO - 2025-10-27 00:18:37,945 - INFO - ETL process for '/opt/***/ingest/staging_jobs/raw/cities.csv' completed successfully.
[2025-10-27T00:18:37.948+0000] {subprocess.py:93} INFO - 2025-10-27 00:18:37,945 - INFO - --- [SUCCESS] Finished: cities.csv ---
[2025-10-27T00:18:37.949+0000] {subprocess.py:93} INFO - 2025-10-27 00:18:37,946 - INFO - --------------------------------------------------
[2025-10-27T00:18:37.952+0000] {subprocess.py:93} INFO - 2025-10-27 00:18:37,946 - INFO - --- [START] Processing: subscriptions.csv (Target Table: subscriptions) ---
[2025-10-27T00:18:37.953+0000] {subprocess.py:93} INFO - 2025-10-27 00:18:37,946 - INFO - Functional ETL process for '/opt/***/ingest/staging_jobs/raw/subscriptions.csv' started.
[2025-10-27T00:18:37.953+0000] {subprocess.py:93} INFO - 2025-10-27 00:18:37,946 - INFO - Reading '/opt/***/ingest/staging_jobs/raw/subscriptions.csv'...
[2025-10-27T00:18:37.963+0000] {subprocess.py:93} INFO - 2025-10-27 00:18:37,963 - INFO - 1490 rows read. Converting to Parquet format...
[2025-10-27T00:18:37.972+0000] {subprocess.py:93} INFO - 2025-10-27 00:18:37,972 - INFO - Parquet conversion complete.
[2025-10-27T00:18:37.973+0000] {subprocess.py:93} INFO - 2025-10-27 00:18:37,973 - INFO - Load (GCS) step started: Uploading to 'gs://beije-476309-staging-bucket/subscriptions/ingest_date=2025-10-27/subscriptions.parquet'...
[2025-10-27T00:18:40.029+0000] {subprocess.py:93} INFO - 2025-10-27 00:18:40,029 - INFO - File successfully uploaded to GCS: gs://beije-476309-staging-bucket/subscriptions/ingest_date=2025-10-27/subscriptions.parquet
[2025-10-27T00:18:40.029+0000] {subprocess.py:93} INFO - 2025-10-27 00:18:40,029 - INFO - Load (BigQuery) step started: Loading to table 'beije-476309.stage.subscriptions'...
[2025-10-27T00:18:40.949+0000] {subprocess.py:93} INFO - 2025-10-27 00:18:40,948 - INFO - BigQuery load job '947cd4dd-949c-4dcf-aca2-703bf5a8c9be' started, awaiting completion...
[2025-10-27T00:18:44.401+0000] {subprocess.py:93} INFO - 2025-10-27 00:18:44,400 - INFO - Success: Data loaded to table beije-476309.stage.subscriptions.
[2025-10-27T00:18:44.401+0000] {subprocess.py:93} INFO - 2025-10-27 00:18:44,400 - INFO - ETL process for '/opt/***/ingest/staging_jobs/raw/subscriptions.csv' completed successfully.
[2025-10-27T00:18:44.403+0000] {subprocess.py:93} INFO - 2025-10-27 00:18:44,400 - INFO - --- [SUCCESS] Finished: subscriptions.csv ---
[2025-10-27T00:18:44.406+0000] {subprocess.py:93} INFO - 2025-10-27 00:18:44,400 - INFO - --------------------------------------------------
[2025-10-27T00:18:44.407+0000] {subprocess.py:93} INFO - 2025-10-27 00:18:44,400 - INFO - --- [START] Processing: states.csv (Target Table: states) ---
[2025-10-27T00:18:44.409+0000] {subprocess.py:93} INFO - 2025-10-27 00:18:44,400 - INFO - Functional ETL process for '/opt/***/ingest/staging_jobs/raw/states.csv' started.
[2025-10-27T00:18:44.411+0000] {subprocess.py:93} INFO - 2025-10-27 00:18:44,400 - INFO - Reading '/opt/***/ingest/staging_jobs/raw/states.csv'...
[2025-10-27T00:18:44.412+0000] {subprocess.py:93} INFO - 2025-10-27 00:18:44,404 - INFO - 81 rows read. Converting to Parquet format...
[2025-10-27T00:18:44.413+0000] {subprocess.py:93} INFO - 2025-10-27 00:18:44,406 - INFO - Parquet conversion complete.
[2025-10-27T00:18:44.414+0000] {subprocess.py:93} INFO - 2025-10-27 00:18:44,406 - INFO - Load (GCS) step started: Uploading to 'gs://beije-476309-staging-bucket/states/ingest_date=2025-10-27/states.parquet'...
[2025-10-27T00:18:45.648+0000] {subprocess.py:93} INFO - 2025-10-27 00:18:45,648 - INFO - File successfully uploaded to GCS: gs://beije-476309-staging-bucket/states/ingest_date=2025-10-27/states.parquet
[2025-10-27T00:18:45.649+0000] {subprocess.py:93} INFO - 2025-10-27 00:18:45,648 - INFO - Load (BigQuery) step started: Loading to table 'beije-476309.stage.states'...
[2025-10-27T00:18:46.494+0000] {subprocess.py:93} INFO - 2025-10-27 00:18:46,494 - INFO - BigQuery load job 'ef62b9c4-319c-4db3-b6d4-4d3bc1f5513b' started, awaiting completion...
[2025-10-27T00:18:49.049+0000] {subprocess.py:93} INFO - 2025-10-27 00:18:49,048 - INFO - Success: Data loaded to table beije-476309.stage.states.
[2025-10-27T00:18:49.053+0000] {subprocess.py:93} INFO - 2025-10-27 00:18:49,049 - INFO - ETL process for '/opt/***/ingest/staging_jobs/raw/states.csv' completed successfully.
[2025-10-27T00:18:49.055+0000] {subprocess.py:93} INFO - 2025-10-27 00:18:49,050 - INFO - --- [SUCCESS] Finished: states.csv ---
[2025-10-27T00:18:49.056+0000] {subprocess.py:93} INFO - 2025-10-27 00:18:49,050 - INFO - --------------------------------------------------
[2025-10-27T00:18:49.056+0000] {subprocess.py:93} INFO - 2025-10-27 00:18:49,050 - INFO - --- [START] Processing: MarketingSpend.csv (Target Table: MarketingSpend) ---
[2025-10-27T00:18:49.056+0000] {subprocess.py:93} INFO - 2025-10-27 00:18:49,050 - INFO - Functional ETL process for '/opt/***/ingest/staging_jobs/raw/MarketingSpend.csv' started.
[2025-10-27T00:18:49.057+0000] {subprocess.py:93} INFO - 2025-10-27 00:18:49,050 - INFO - Reading '/opt/***/ingest/staging_jobs/raw/MarketingSpend.csv'...
[2025-10-27T00:18:49.057+0000] {subprocess.py:93} INFO - 2025-10-27 00:18:49,056 - INFO - 3 rows read. Converting to Parquet format...
[2025-10-27T00:18:49.062+0000] {subprocess.py:93} INFO - 2025-10-27 00:18:49,062 - INFO - Parquet conversion complete.
[2025-10-27T00:18:49.063+0000] {subprocess.py:93} INFO - 2025-10-27 00:18:49,063 - INFO - Load (GCS) step started: Uploading to 'gs://beije-476309-staging-bucket/MarketingSpend/ingest_date=2025-10-27/MarketingSpend.parquet'...
[2025-10-27T00:18:50.384+0000] {subprocess.py:93} INFO - 2025-10-27 00:18:50,383 - INFO - File successfully uploaded to GCS: gs://beije-476309-staging-bucket/MarketingSpend/ingest_date=2025-10-27/MarketingSpend.parquet
[2025-10-27T00:18:50.385+0000] {subprocess.py:93} INFO - 2025-10-27 00:18:50,383 - INFO - Load (BigQuery) step started: Loading to table 'beije-476309.stage.MarketingSpend'...
[2025-10-27T00:18:51.348+0000] {subprocess.py:93} INFO - 2025-10-27 00:18:51,347 - INFO - BigQuery load job '92abc1dd-2532-4207-874d-ed202cb9b50e' started, awaiting completion...
[2025-10-27T00:18:53.744+0000] {subprocess.py:93} INFO - 2025-10-27 00:18:53,744 - INFO - Success: Data loaded to table beije-476309.stage.MarketingSpend.
[2025-10-27T00:18:53.748+0000] {subprocess.py:93} INFO - 2025-10-27 00:18:53,745 - INFO - ETL process for '/opt/***/ingest/staging_jobs/raw/MarketingSpend.csv' completed successfully.
[2025-10-27T00:18:53.751+0000] {subprocess.py:93} INFO - 2025-10-27 00:18:53,745 - INFO - --- [SUCCESS] Finished: MarketingSpend.csv ---
[2025-10-27T00:18:53.753+0000] {subprocess.py:93} INFO - 2025-10-27 00:18:53,745 - INFO - --------------------------------------------------
[2025-10-27T00:18:53.755+0000] {subprocess.py:93} INFO - 2025-10-27 00:18:53,745 - INFO - --- ETL Loop Summary ---
[2025-10-27T00:18:53.756+0000] {subprocess.py:93} INFO - 2025-10-27 00:18:53,745 - INFO - Total files found: 10
[2025-10-27T00:18:53.756+0000] {subprocess.py:93} INFO - 2025-10-27 00:18:53,745 - INFO - Successfully processed: 10
[2025-10-27T00:18:53.756+0000] {subprocess.py:93} INFO - 2025-10-27 00:18:53,745 - INFO - Failed to process: 0
[2025-10-27T00:18:53.756+0000] {subprocess.py:93} INFO - 2025-10-27 00:18:53,745 - INFO - --- ETL Loop Finished ---
[2025-10-27T00:18:53.861+0000] {subprocess.py:97} INFO - Command exited with return code 0
[2025-10-27T00:18:53.884+0000] {taskinstance.py:1138} INFO - Marking task as SUCCESS. dag_id=beije_dbt_elt_pipeline, task_id=etl_stage_ingestion, execution_date=20251025T040000, start_date=20251027T001756, end_date=20251027T001853
[2025-10-27T00:18:53.909+0000] {local_task_job_runner.py:234} INFO - Task exited with return code 0
[2025-10-27T00:18:53.927+0000] {taskinstance.py:3280} INFO - 1 downstream tasks scheduled from follow-on schedule check
